# online2-wav-nnet3-latgen-faster --do-endpointing=false --frames-per-chunk=20 --extra-left-context-initial=0 --online=true --frame-subsampling-factor=3 --config=exp/chain/tdnn1n_online/conf/online.conf --min-active=200 --max-active=7000 --beam=15.0 --lattice-beam=6.0 --acoustic-scale=1.0 --word-symbol-table=exp/chain/tdnn1n_online/graph_tgsmall/words.txt exp/chain/tdnn1n_online/final.mdl exp/chain/tdnn1n_online/graph_tgsmall/HCLG.fst ark:data/test/split1/1/spk2utt "ark,s,cs:wav-copy scp,p:data/test/split1/1/wav.scp ark:- |" "ark:|lattice-scale --acoustic-scale=10.0 ark:- ark:- | gzip -c >exp/chain/tdnn1n_online/decoded_result/lat.1.gz" 
# Started at Sat Feb 19 06:07:58 KST 2022
#
online2-wav-nnet3-latgen-faster --do-endpointing=false --frames-per-chunk=20 --extra-left-context-initial=0 --online=true --frame-subsampling-factor=3 --config=exp/chain/tdnn1n_online/conf/online.conf --min-active=200 --max-active=7000 --beam=15.0 --lattice-beam=6.0 --acoustic-scale=1.0 --word-symbol-table=exp/chain/tdnn1n_online/graph_tgsmall/words.txt exp/chain/tdnn1n_online/final.mdl exp/chain/tdnn1n_online/graph_tgsmall/HCLG.fst ark:data/test/split1/1/spk2utt 'ark,s,cs:wav-copy scp,p:data/test/split1/1/wav.scp ark:- |' 'ark:|lattice-scale --acoustic-scale=10.0 ark:- ark:- | gzip -c >exp/chain/tdnn1n_online/decoded_result/lat.1.gz' 
LOG (online2-wav-nnet3-latgen-faster[5.5.926~1-344c6]:ComputeDerivedVars():ivector-extractor.cc:183) Computing derived variables for iVector extractor
LOG (online2-wav-nnet3-latgen-faster[5.5.926~1-344c6]:ComputeDerivedVars():ivector-extractor.cc:204) Done.
LOG (online2-wav-nnet3-latgen-faster[5.5.926~1-344c6]:RemoveOrphanNodes():nnet-nnet.cc:948) Removed 1 orphan nodes.
LOG (online2-wav-nnet3-latgen-faster[5.5.926~1-344c6]:RemoveOrphanComponents():nnet-nnet.cc:847) Removing 2 orphan components.
LOG (online2-wav-nnet3-latgen-faster[5.5.926~1-344c6]:Collapse():nnet-utils.cc:1488) Added 1 components, removed 2
LOG (online2-wav-nnet3-latgen-faster[5.5.926~1-344c6]:CompileLooped():nnet-compile-looped.cc:345) Spent 0.0154722 seconds in looped compilation.
wav-copy scp,p:data/test/split1/1/wav.scp ark:- 
LOG (wav-copy[5.5.926~1-344c6]:main():wav-copy.cc:68) Copied 1 wave files
lattice-scale --acoustic-scale=10.0 ark:- ark:- 
test1_210930_3_para1 <BREATH> 일상 이 문 쌤 너무 무덤덤 할 때 는 여행 같 은 투표 하 기 도 있 을까 
LOG (online2-wav-nnet3-latgen-faster[5.5.926~1-344c6]:main():online2-wav-nnet3-latgen-faster.cc:296) Decoded utterance test1_210930_3_para1
LOG (online2-wav-nnet3-latgen-faster[5.5.926~1-344c6]:Print():online-timing.cc:36) Timing stats: real-time factor was 1.01782 (note: this cannot be less than one.)
LOG (online2-wav-nnet3-latgen-faster[5.5.926~1-344c6]:Print():online-timing.cc:38) Average delay was 0.118959 seconds.
LOG (online2-wav-nnet3-latgen-faster[5.5.926~1-344c6]:Print():online-timing.cc:42) Percentage of time spent idling was 81.769
LOG (online2-wav-nnet3-latgen-faster[5.5.926~1-344c6]:Print():online-timing.cc:44) Longest delay was 0.118959 seconds for utterance 'test1_210930_3_para1'
LOG (online2-wav-nnet3-latgen-faster[5.5.926~1-344c6]:main():online2-wav-nnet3-latgen-faster.cc:302) Decoded 1 utterances, 0 with errors.
LOG (online2-wav-nnet3-latgen-faster[5.5.926~1-344c6]:main():online2-wav-nnet3-latgen-faster.cc:304) Overall likelihood per frame was 1.77906 per frame over 222 frames.
LOG (lattice-scale[5.5.926~1-344c6]:main():lattice-scale.cc:107) Done 1 lattices.
# Accounting: time=2 threads=1
# Ended (code 0) at Sat Feb 19 06:08:00 KST 2022, elapsed time 2 seconds
